<?xml version="1.0" encoding="UTF-8" standalone="no"?><testsuite errors="0" failures="4" name="Actualizar una mascota" skipped="0" tests="8" time="10.69" timestamp="2025-03-01 12:19:13"><testcase name="Actualizar una mascota"><failure message="&#13;&#10;Expected: &lt;404&gt;&#13;&#10;     but: was &lt;200&gt;" type="java.lang.AssertionError">&#13;
Expected: &lt;404&gt;&#13;
     but: was &lt;200&gt;</failure><system-err>&#13;
Expected: &lt;404&gt;&#13;
     but: was &lt;200&gt;&#13;
com.brooker.stepdefinitions.GetPetStoreStepD.seValidaLaEjecucionCODIGO(GetPetStoreStepD.java:42)&#13;
</system-err></testcase></testsuite>